// Created by Crowbar 0.24.0.0


  Decompiling ".\v_claw_hulk.mdl"...
    Reading data...
      Checking for required files...
        Reading mdl file header...
        ...Reading mdl file header finished.
      ...All required files found.
      Reading mdl file...
      ...Reading mdl file finished.
      Reading vtx file...
      ...Reading vtx file finished.
      Reading vvd file...
      ...Reading vvd file finished.
    ...Reading data finished.
    Writing debug log files...
    ...Writing debug log files finished.
    Writing data...
      Writing qc file...
      ...Writing qc file finished.
      Writing reference and lod mesh files...
      ...Writing reference and lod mesh files finished.
    ...Writing data finished.
  ...Decompiling ".\v_claw_hulk.mdl" finished.
